** Daemonized, any open files are closed.  Look at tmp/pids/mongrel.5004.pid and log/mongrel.5004.log for info.
** Starting Mongrel listening at 127.0.0.1:5004
/var/lib/gems/1.8/gems/mongrel-1.1.5/bin/../lib/mongrel/tcphack.rb:12:in `initialize_without_backlog': Address already in use - bind(2) (Errno::EADDRINUSE)
	from /var/lib/gems/1.8/gems/mongrel-1.1.5/bin/../lib/mongrel/tcphack.rb:12:in `initialize'
	from /var/lib/gems/1.8/gems/mongrel-1.1.5/bin/../lib/mongrel.rb:93:in `new'
	from /var/lib/gems/1.8/gems/mongrel-1.1.5/bin/../lib/mongrel.rb:93:in `initialize'
	from /var/lib/gems/1.8/gems/mongrel-1.1.5/bin/../lib/mongrel/configurator.rb:139:in `new'
	from /var/lib/gems/1.8/gems/mongrel-1.1.5/bin/../lib/mongrel/configurator.rb:139:in `listener'
	from /var/lib/gems/1.8/gems/mongrel-1.1.5/bin/mongrel_rails:99:in `cloaker_'
	from /var/lib/gems/1.8/gems/mongrel-1.1.5/bin/../lib/mongrel/configurator.rb:50:in `call'
	from /var/lib/gems/1.8/gems/mongrel-1.1.5/bin/../lib/mongrel/configurator.rb:50:in `initialize'
	from /var/lib/gems/1.8/gems/mongrel-1.1.5/bin/mongrel_rails:84:in `new'
	from /var/lib/gems/1.8/gems/mongrel-1.1.5/bin/mongrel_rails:84:in `run'
	from /var/lib/gems/1.8/gems/mongrel-1.1.5/bin/../lib/mongrel/command.rb:212:in `run'
	from /var/lib/gems/1.8/gems/mongrel-1.1.5/bin/mongrel_rails:281
	from /usr/sbin/mongrel_rails:19:in `load'
	from /usr/sbin/mongrel_rails:19
** Daemonized, any open files are closed.  Look at tmp/pids/mongrel.5004.pid and log/mongrel.5004.log for info.
** Starting Mongrel listening at 127.0.0.1:5004
/var/lib/gems/1.8/gems/mongrel-1.1.5/bin/../lib/mongrel/tcphack.rb:12:in `initialize_without_backlog': Address already in use - bind(2) (Errno::EADDRINUSE)
	from /var/lib/gems/1.8/gems/mongrel-1.1.5/bin/../lib/mongrel/tcphack.rb:12:in `initialize'
	from /var/lib/gems/1.8/gems/mongrel-1.1.5/bin/../lib/mongrel.rb:93:in `new'
	from /var/lib/gems/1.8/gems/mongrel-1.1.5/bin/../lib/mongrel.rb:93:in `initialize'
	from /var/lib/gems/1.8/gems/mongrel-1.1.5/bin/../lib/mongrel/configurator.rb:139:in `new'
	from /var/lib/gems/1.8/gems/mongrel-1.1.5/bin/../lib/mongrel/configurator.rb:139:in `listener'
	from /var/lib/gems/1.8/gems/mongrel-1.1.5/bin/mongrel_rails:99:in `cloaker_'
	from /var/lib/gems/1.8/gems/mongrel-1.1.5/bin/../lib/mongrel/configurator.rb:50:in `call'
	from /var/lib/gems/1.8/gems/mongrel-1.1.5/bin/../lib/mongrel/configurator.rb:50:in `initialize'
	from /var/lib/gems/1.8/gems/mongrel-1.1.5/bin/mongrel_rails:84:in `new'
	from /var/lib/gems/1.8/gems/mongrel-1.1.5/bin/mongrel_rails:84:in `run'
	from /var/lib/gems/1.8/gems/mongrel-1.1.5/bin/../lib/mongrel/command.rb:212:in `run'
	from /var/lib/gems/1.8/gems/mongrel-1.1.5/bin/mongrel_rails:281
	from /usr/sbin/mongrel_rails:19:in `load'
	from /usr/sbin/mongrel_rails:19
** Daemonized, any open files are closed.  Look at tmp/pids/mongrel.5004.pid and log/mongrel.5004.log for info.
** Starting Mongrel listening at 127.0.0.1:5004
** Starting Rails with development environment...
** Rails loaded.
** Loading any Rails specific GemPlugins
** Signals ready.  TERM => stop.  USR2 => restart.  INT => stop (no restart).
** Rails signals registered.  HUP => reload (without restart).  It might not work well.
** Mongrel 1.1.5 available at 127.0.0.1:5004
** Writing PID file to tmp/pids/mongrel.5004.pid
** TERM signal received.
** Daemonized, any open files are closed.  Look at tmp/pids/mongrel.5004.pid and log/mongrel.5004.log for info.
** Starting Mongrel listening at 127.0.0.1:5004
** Starting Rails with development environment...
** Rails loaded.
** Loading any Rails specific GemPlugins
** Signals ready.  TERM => stop.  USR2 => restart.  INT => stop (no restart).
** Rails signals registered.  HUP => reload (without restart).  It might not work well.
** Mongrel 1.1.5 available at 127.0.0.1:5004
** Writing PID file to tmp/pids/mongrel.5004.pid
